<?xml version="1.0" encoding="UTF-8"?>
<!-- Generated by org.testng.reporters.JUnitXMLReporter -->
<testsuite ignored="0" hostname="DESKTOP-LOJ9DAU" failures="1" tests="3" name="Test" time="205.7" errors="0" timestamp="2023-04-21T17:54:06 IST">
  <testcase classname="tests.LoginTest" name="testInvalidLogin" time="21.004"/>
  <testcase classname="tests.LoginTest" name="testInvalidLogin" time="4.595"/>
  <testcase classname="tests.LoginTest" name="testValidLogin" time="4.5">
    <failure type="java.lang.AssertionError" message="The following asserts failed:
	URL after successful login not proper expected [https://opensource-demo.orangehrmlive.com/web/index.php/dashboard/index132] but found [https://opensource-demo.orangehrmlive.com/web/index.php/dashboard/index]">
      <![CDATA[java.lang.AssertionError: The following asserts failed:
URL after successful login not proper expected [https://opensource-demo.orangehrmlive.com/web/index.php/dashboard/index132] but found [https://opensource-demo.orangehrmlive.com/web/index.php/dashboard/index]
at tests.LoginTest.testValidLogin(LoginTest.java:62)
at java.base/java.util.ArrayList.forEach(ArrayList.java:1541)
... Removed 29 stack frames]]>
    </failure>
  </testcase> <!-- testValidLogin -->
</testsuite> <!-- Test -->
